<?xml version="1.0" encoding="UTF-8"?>
<!-- Generated by org.testng.reporters.JUnitReportReporter -->
<testsuite hostname="LAPTOP-B5GOUU81" failures="0" tests="2" name="com.jtc.qa.testCase.SearchPageTest" time="33.811" errors="0" timestamp="05 May 2021 10:01:04 GMT" skipped="1">
  <testcase classname="com.jtc.qa.testCase.SearchPageTest" name="SearchData" time="33.811"/>
  <testcase classname="com.jtc.qa.testCase.SearchPageTest" name="SearchPageTitel">
    <skipped/>
  </testcase> <!-- SearchPageTitel -->
</testsuite> <!-- com.jtc.qa.testCase.SearchPageTest -->
